<?xml version="1.0" encoding="UTF-8"?>
<!-- Generated by org.testng.reporters.JUnitXMLReporter -->
<testsuite ignored="0" hostname="DESKTOP-VBE86CG" failures="0" tests="5" name="Test" time="64.021" errors="0" timestamp="2024-07-25T16:54:38 IST">
  <testcase classname="airline.Airline_Project.TC01" name="registrationEasemytrip" time="9.815"/>
  <testcase classname="airline.Airline_Project.TC02" name="loginvalidcred" time="5.831"/>
  <testcase classname="airline.Airline_Project.TC03" name="login_fail" time="4.95"/>
  <testcase classname="airline.Airline_Project.TC04" name="oneway_flight" time="26.096"/>
  <testcase classname="airline.Airline_Project.TC05" name="roundtrip_flight" time="14.921"/>
</testsuite> <!-- Test -->
