<?xml version="1.0" encoding="UTF-8"?>
<testng-results ignored="0" total="5" passed="5" failed="0" skipped="0">
  <reporter-output>
    <line>
      <![CDATA[test case passed]]>
    </line>
    <line>
      <![CDATA[test case passed]]>
    </line>
    <line>
      <![CDATA[test case passed]]>
    </line>
    <line>
      <![CDATA[test case passed]]>
    </line>
    <line>
      <![CDATA[test case passed]]>
    </line>
  </reporter-output>
  <suite started-at="2024-07-25T16:53:34 IST" name="Suite" finished-at="2024-07-25T16:54:38 IST" duration-ms="64021">
    <groups>
    </groups>
    <test started-at="2024-07-25T16:53:34 IST" name="Test" finished-at="2024-07-25T16:54:38 IST" duration-ms="64021">
      <class name="airline.Airline_Project.TC04">
        <test-method signature="oneway_flight()[pri:0, instance:airline.Airline_Project.TC04@4dbb42b7]" started-at="2024-07-25T16:53:55 IST" name="oneway_flight" finished-at="2024-07-25T16:54:22 IST" duration-ms="26096" status="PASS">
          <reporter-output>
            <line>
              <![CDATA[test case passed]]>
            </line>
          </reporter-output>
        </test-method> <!-- oneway_flight -->
      </class> <!-- airline.Airline_Project.TC04 -->
      <class name="airline.Airline_Project.TC03">
        <test-method signature="login_fail()[pri:0, instance:airline.Airline_Project.TC03@2c1b194a]" started-at="2024-07-25T16:53:50 IST" name="login_fail" finished-at="2024-07-25T16:53:55 IST" duration-ms="4950" status="PASS">
          <reporter-output>
            <line>
              <![CDATA[test case passed]]>
            </line>
          </reporter-output>
        </test-method> <!-- login_fail -->
      </class> <!-- airline.Airline_Project.TC03 -->
      <class name="airline.Airline_Project.TC05">
        <test-method signature="roundtrip_flight()[pri:0, instance:airline.Airline_Project.TC05@66f57048]" started-at="2024-07-25T16:54:22 IST" name="roundtrip_flight" finished-at="2024-07-25T16:54:37 IST" duration-ms="14921" status="PASS">
          <reporter-output>
            <line>
              <![CDATA[test case passed]]>
            </line>
          </reporter-output>
        </test-method> <!-- roundtrip_flight -->
      </class> <!-- airline.Airline_Project.TC05 -->
      <class name="airline.Airline_Project.TC02">
        <test-method signature="loginvalidcred()[pri:0, instance:airline.Airline_Project.TC02@32502377]" started-at="2024-07-25T16:53:44 IST" name="loginvalidcred" finished-at="2024-07-25T16:53:50 IST" duration-ms="5831" status="PASS">
          <reporter-output>
            <line>
              <![CDATA[test case passed]]>
            </line>
          </reporter-output>
        </test-method> <!-- loginvalidcred -->
      </class> <!-- airline.Airline_Project.TC02 -->
      <class name="airline.Airline_Project.TC01">
        <test-method signature="registrationEasemytrip()[pri:0, instance:airline.Airline_Project.TC01@7c711375]" started-at="2024-07-25T16:53:34 IST" name="registrationEasemytrip" finished-at="2024-07-25T16:53:43 IST" duration-ms="9815" status="PASS">
          <reporter-output>
            <line>
              <![CDATA[test case passed]]>
            </line>
          </reporter-output>
        </test-method> <!-- registrationEasemytrip -->
      </class> <!-- airline.Airline_Project.TC01 -->
    </test> <!-- Test -->
  </suite> <!-- Suite -->
</testng-results>
